<?xml version="1.0" encoding="UTF-8"?>
<!-- Generated by org.testng.reporters.JUnitXMLReporter -->
<testsuite ignored="1" hostname="DESKTOP-L4853CI" failures="0" tests="3" name="Default test" time="5.437" errors="0" timestamp="2025-07-17T14:52:54 BDT">
  <testcase classname="api.test.DataDrivenTest" name="testCreateUsers" time="2.444"/>
  <testcase classname="api.test.DataDrivenTest" name="testCreateUsers" time="1.18"/>
  <testcase classname="api.test.DataDrivenTest" name="testCreateUsers" time="1.255"/>
  <testcase classname="api.test.DataDrivenTest" name="testDeleteUsers" time="0.0">
    <ignored/>
  </testcase> <!-- testDeleteUsers -->
</testsuite> <!-- Default test -->
