<?xml version="1.0" encoding="UTF-8"?>
<testng-results ignored="1" total="4" passed="3" failed="0" skipped="0">
  <reporter-output>
  </reporter-output>
  <suite started-at="2025-07-17T14:52:49 BDT" name="Default suite" finished-at="2025-07-17T14:52:54 BDT" duration-ms="5437">
    <groups>
    </groups>
    <test started-at="2025-07-17T14:52:49 BDT" name="Default test" finished-at="2025-07-17T14:52:54 BDT" duration-ms="5437">
      <class name="api.test.DataDrivenTest">
        <test-method signature="testCreateUsers(java.lang.String,java.lang.String,java.lang.String,java.lang.String,java.lang.String,java.lang.String,java.lang.String)[pri:1, instance:api.test.DataDrivenTest@6e6f2380]" started-at="2025-07-17T14:52:49 BDT" name="testCreateUsers" data-provider="AllUserData" finished-at="2025-07-17T14:52:52 BDT" duration-ms="2444" status="PASS">
          <params>
            <param index="0">
              <value>
                <![CDATA[1040]]>
              </value>
            </param>
            <param index="1">
              <value>
                <![CDATA[demoUser1]]>
              </value>
            </param>
            <param index="2">
              <value>
                <![CDATA[Alice]]>
              </value>
            </param>
            <param index="3">
              <value>
                <![CDATA[Green]]>
              </value>
            </param>
            <param index="4">
              <value>
                <![CDATA[alice@mail.com]]>
              </value>
            </param>
            <param index="5">
              <value>
                <![CDATA[pass@1]]>
              </value>
            </param>
            <param index="6">
              <value>
                <![CDATA[9876543210]]>
              </value>
            </param>
          </params>
          <reporter-output>
          </reporter-output>
        </test-method> <!-- testCreateUsers -->
        <test-method signature="testCreateUsers(java.lang.String,java.lang.String,java.lang.String,java.lang.String,java.lang.String,java.lang.String,java.lang.String)[pri:1, instance:api.test.DataDrivenTest@6e6f2380]" started-at="2025-07-17T14:52:52 BDT" name="testCreateUsers" data-provider="AllUserData" finished-at="2025-07-17T14:52:53 BDT" duration-ms="1180" status="PASS">
          <params>
            <param index="0">
              <value>
                <![CDATA[1050]]>
              </value>
            </param>
            <param index="1">
              <value>
                <![CDATA[demoUser2]]>
              </value>
            </param>
            <param index="2">
              <value>
                <![CDATA[Bob]]>
              </value>
            </param>
            <param index="3">
              <value>
                <![CDATA[White]]>
              </value>
            </param>
            <param index="4">
              <value>
                <![CDATA[bob@mail.com]]>
              </value>
            </param>
            <param index="5">
              <value>
                <![CDATA[pass@2]]>
              </value>
            </param>
            <param index="6">
              <value>
                <![CDATA[8765432190]]>
              </value>
            </param>
          </params>
          <reporter-output>
          </reporter-output>
        </test-method> <!-- testCreateUsers -->
        <test-method signature="testCreateUsers(java.lang.String,java.lang.String,java.lang.String,java.lang.String,java.lang.String,java.lang.String,java.lang.String)[pri:1, instance:api.test.DataDrivenTest@6e6f2380]" started-at="2025-07-17T14:52:53 BDT" name="testCreateUsers" data-provider="AllUserData" finished-at="2025-07-17T14:52:54 BDT" duration-ms="1255" status="PASS">
          <params>
            <param index="0">
              <value>
                <![CDATA[1060]]>
              </value>
            </param>
            <param index="1">
              <value>
                <![CDATA[demoUser3]]>
              </value>
            </param>
            <param index="2">
              <value>
                <![CDATA[Charlie]]>
              </value>
            </param>
            <param index="3">
              <value>
                <![CDATA[Brown]]>
              </value>
            </param>
            <param index="4">
              <value>
                <![CDATA[charlie@mail.com]]>
              </value>
            </param>
            <param index="5">
              <value>
                <![CDATA[pass@3]]>
              </value>
            </param>
            <param index="6">
              <value>
                <![CDATA[7654321980]]>
              </value>
            </param>
          </params>
          <reporter-output>
          </reporter-output>
        </test-method> <!-- testCreateUsers -->
      </class> <!-- api.test.DataDrivenTest -->
    </test> <!-- Default test -->
  </suite> <!-- Default suite -->
</testng-results>
